SF:C:\Users\spect.DESKTOP-AHD10MO\Desktop\CS 4790 Net Web\repo\assignment-05-Spectrar\BlabberApp\BlabberApp.DataStore\MySqlContext.cs
FN:5,Microsoft.EntityFrameworkCore.DbSet`1<BlabberApp.Domain.Entities.Blab> BlabberApp.DataStore.Plugins.MySqlContext::get_Blab()
FNDA:0,Microsoft.EntityFrameworkCore.DbSet`1<BlabberApp.Domain.Entities.Blab> BlabberApp.DataStore.Plugins.MySqlContext::get_Blab()
DA:6,0
FN:7,Microsoft.EntityFrameworkCore.DbSet`1<BlabberApp.Domain.Entities.User> BlabberApp.DataStore.Plugins.MySqlContext::get_User()
FNDA:0,Microsoft.EntityFrameworkCore.DbSet`1<BlabberApp.Domain.Entities.User> BlabberApp.DataStore.Plugins.MySqlContext::get_User()
DA:8,0
FN:9,System.Void BlabberApp.DataStore.Plugins.MySqlContext::OnConfiguring(Microsoft.EntityFrameworkCore.DbContextOptionsBuilder)
FNDA:0,System.Void BlabberApp.DataStore.Plugins.MySqlContext::OnConfiguring(Microsoft.EntityFrameworkCore.DbContextOptionsBuilder)
DA:10,0
DA:11,0
DA:12,0
FN:13,System.Void BlabberApp.DataStore.Plugins.MySqlContext::OnModelCreating(Microsoft.EntityFrameworkCore.ModelBuilder)
FNDA:0,System.Void BlabberApp.DataStore.Plugins.MySqlContext::OnModelCreating(Microsoft.EntityFrameworkCore.ModelBuilder)
DA:14,0
DA:15,0
DA:17,0
DA:18,0
DA:19,0
DA:20,0
DA:21,0
DA:22,0
DA:24,0
DA:25,0
DA:26,0
DA:27,0
DA:28,0
DA:29,0
DA:30,0
LF:20
LH:0
BRF:0
BRH:0
FNF:4
FNH:0
end_of_record
SF:C:\Users\spect.DESKTOP-AHD10MO\Desktop\CS 4790 Net Web\repo\assignment-05-Spectrar\BlabberApp\BlabberApp.DataStore\Plugins\InMemory.cs
FN:13,System.Void BlabberApp.DataStore.Plugins.InMemory::Create(BlabberApp.Domain.Interfaces.IEntity)
FNDA:7,System.Void BlabberApp.DataStore.Plugins.InMemory::Create(BlabberApp.Domain.Interfaces.IEntity)
DA:14,7
DA:15,7
DA:16,7
FN:17,System.Collections.IEnumerable BlabberApp.DataStore.Plugins.InMemory::ReadAll()
FNDA:2,System.Collections.IEnumerable BlabberApp.DataStore.Plugins.InMemory::ReadAll()
DA:18,2
DA:19,2
DA:20,2
FN:21,BlabberApp.Domain.Interfaces.IEntity BlabberApp.DataStore.Plugins.InMemory::ReadById(System.Guid)
FNDA:2,BlabberApp.Domain.Interfaces.IEntity BlabberApp.DataStore.Plugins.InMemory::ReadById(System.Guid)
DA:22,2
DA:23,10
DA:24,4
DA:25,0
DA:26,0
DA:27,2
BRDA:23,57,1,2
BRDA:24,44,0,2
BRDA:24,44,1,0
BRDA:23,57,0,0
FN:27,System.Collections.IEnumerable BlabberApp.DataStore.Plugins.InMemory::ReadByUserId(System.String)
FNDA:1,System.Collections.IEnumerable BlabberApp.DataStore.Plugins.InMemory::ReadByUserId(System.String)
DA:28,1
DA:29,1
FN:30,BlabberApp.Domain.Interfaces.IEntity BlabberApp.DataStore.Plugins.InMemory::ReadByUserEmail(System.String)
FNDA:7,BlabberApp.Domain.Interfaces.IEntity BlabberApp.DataStore.Plugins.InMemory::ReadByUserEmail(System.String)
DA:31,7
DA:32,23
DA:33,2
DA:34,1
DA:36,0
DA:37,6
DA:38,1
BRDA:32,57,1,1
BRDA:33,43,0,1
BRDA:33,43,1,0
BRDA:32,57,0,6
FN:39,System.Void BlabberApp.DataStore.Plugins.InMemory::Update(BlabberApp.Domain.Interfaces.IEntity)
FNDA:1,System.Void BlabberApp.DataStore.Plugins.InMemory::Update(BlabberApp.Domain.Interfaces.IEntity)
DA:40,1
DA:41,1
DA:42,1
DA:43,1
FN:44,System.Void BlabberApp.DataStore.Plugins.InMemory::Delete(BlabberApp.Domain.Interfaces.IEntity)
FNDA:1,System.Void BlabberApp.DataStore.Plugins.InMemory::Delete(BlabberApp.Domain.Interfaces.IEntity)
DA:45,1
DA:46,1
DA:47,1
FN:47,System.Void BlabberApp.DataStore.Plugins.InMemory::DeleteAll()
FNDA:9,System.Void BlabberApp.DataStore.Plugins.InMemory::DeleteAll()
DA:48,9
DA:49,9
DA:50,9
FN:9,System.Void BlabberApp.DataStore.Plugins.InMemory::.ctor()
FNDA:36,System.Void BlabberApp.DataStore.Plugins.InMemory::.ctor()
DA:10,36
DA:11,18
DA:12,18
LF:34
LH:31
BRF:8
BRH:5
FNF:9
FNH:9
end_of_record
SF:C:\Users\spect.DESKTOP-AHD10MO\Desktop\CS 4790 Net Web\repo\assignment-05-Spectrar\BlabberApp\BlabberApp.DataStore\Plugins\MySqlBlab.cs
FN:19,System.Void BlabberApp.DataStore.Plugins.MySqlBlab::Close()
FNDA:0,System.Void BlabberApp.DataStore.Plugins.MySqlBlab::Close()
DA:20,0
DA:21,0
DA:22,0
FN:22,System.Void BlabberApp.DataStore.Plugins.MySqlBlab::Create(BlabberApp.Domain.Interfaces.IEntity)
FNDA:4,System.Void BlabberApp.DataStore.Plugins.MySqlBlab::Create(BlabberApp.Domain.Interfaces.IEntity)
DA:23,4
DA:24,4
DA:25,4
DA:26,4
DA:27,4
DA:28,4
DA:29,4
DA:30,4
DA:31,4
DA:32,4
DA:33,4
DA:34,0
DA:35,0
DA:37,4
FN:38,System.Collections.IEnumerable BlabberApp.DataStore.Plugins.MySqlBlab::ReadAll()
FNDA:1,System.Collections.IEnumerable BlabberApp.DataStore.Plugins.MySqlBlab::ReadAll()
DA:39,1
DA:40,1
DA:42,1
DA:43,1
DA:44,1
DA:45,1
DA:47,1
DA:49,1
DA:51,6
DA:52,1
DA:53,1
DA:55,1
DA:56,0
DA:57,0
DA:59,1
BRDA:51,115,1,1
BRDA:51,115,0,1
FN:60,BlabberApp.Domain.Interfaces.IEntity BlabberApp.DataStore.Plugins.MySqlBlab::ReadById(System.Guid)
FNDA:2,BlabberApp.Domain.Interfaces.IEntity BlabberApp.DataStore.Plugins.MySqlBlab::ReadById(System.Guid)
DA:61,2
DA:62,2
DA:63,2
DA:64,2
DA:65,2
DA:66,2
DA:68,2
DA:70,2
DA:71,1
DA:73,1
DA:75,1
DA:76,2
DA:77,1
DA:79,1
FN:80,System.Collections.IEnumerable BlabberApp.DataStore.Plugins.MySqlBlab::ReadByUserId(System.String)
FNDA:1,System.Collections.IEnumerable BlabberApp.DataStore.Plugins.MySqlBlab::ReadByUserId(System.String)
DA:81,1
DA:82,1
DA:83,1
DA:84,1
DA:85,1
DA:86,1
DA:88,1
DA:90,1
DA:92,6
DA:93,1
DA:94,1
DA:96,1
DA:97,0
DA:98,0
DA:100,1
BRDA:92,131,1,1
BRDA:92,131,0,1
FN:101,System.Void BlabberApp.DataStore.Plugins.MySqlBlab::Update(BlabberApp.Domain.Interfaces.IEntity)
FNDA:1,System.Void BlabberApp.DataStore.Plugins.MySqlBlab::Update(BlabberApp.Domain.Interfaces.IEntity)
DA:102,1
DA:103,1
DA:104,1
FN:105,System.Void BlabberApp.DataStore.Plugins.MySqlBlab::Delete(BlabberApp.Domain.Interfaces.IEntity)
FNDA:1,System.Void BlabberApp.DataStore.Plugins.MySqlBlab::Delete(BlabberApp.Domain.Interfaces.IEntity)
DA:106,1
DA:107,1
DA:108,1
FN:108,System.Void BlabberApp.DataStore.Plugins.MySqlBlab::DeleteAll()
FNDA:11,System.Void BlabberApp.DataStore.Plugins.MySqlBlab::DeleteAll()
DA:109,11
DA:110,11
DA:111,11
DA:112,11
DA:113,11
FN:113,BlabberApp.Domain.Entities.Blab BlabberApp.DataStore.Plugins.MySqlBlab::DataRow2Blab(System.Data.DataRow)
FNDA:2,BlabberApp.Domain.Entities.Blab BlabberApp.DataStore.Plugins.MySqlBlab::DataRow2Blab(System.Data.DataRow)
DA:114,2
DA:115,2
DA:117,2
DA:119,2
DA:121,2
DA:122,2
DA:123,2
DA:125,2
DA:126,2
FN:11,System.Void BlabberApp.DataStore.Plugins.MySqlBlab::.ctor()
FNDA:10,System.Void BlabberApp.DataStore.Plugins.MySqlBlab::.ctor()
DA:12,10
DA:13,5
DA:14,5
DA:15,5
DA:16,0
DA:17,0
DA:19,5
LF:88
LH:77
BRF:4
BRH:4
FNF:10
FNH:9
end_of_record
SF:C:\Users\spect.DESKTOP-AHD10MO\Desktop\CS 4790 Net Web\repo\assignment-05-Spectrar\BlabberApp\BlabberApp.DataStore\Plugins\MySqlUser.cs
FN:19,System.Void BlabberApp.DataStore.Plugins.MySqlUser::Close()
FNDA:0,System.Void BlabberApp.DataStore.Plugins.MySqlUser::Close()
DA:20,0
DA:21,0
DA:22,0
FN:22,System.Void BlabberApp.DataStore.Plugins.MySqlUser::Create(BlabberApp.Domain.Interfaces.IEntity)
FNDA:4,System.Void BlabberApp.DataStore.Plugins.MySqlUser::Create(BlabberApp.Domain.Interfaces.IEntity)
DA:23,4
DA:24,4
DA:25,4
DA:26,4
DA:27,4
DA:28,4
DA:29,4
DA:30,4
DA:31,4
DA:32,4
DA:33,4
DA:34,0
DA:35,0
DA:37,4
FN:38,System.Collections.IEnumerable BlabberApp.DataStore.Plugins.MySqlUser::ReadAll()
FNDA:1,System.Collections.IEnumerable BlabberApp.DataStore.Plugins.MySqlUser::ReadAll()
DA:39,1
DA:40,1
DA:41,1
DA:42,1
DA:43,1
DA:44,1
DA:46,1
DA:48,1
DA:50,6
DA:51,1
DA:52,1
DA:54,1
DA:55,0
DA:56,0
DA:58,1
BRDA:50,120,1,1
BRDA:50,120,0,1
FN:59,BlabberApp.Domain.Interfaces.IEntity BlabberApp.DataStore.Plugins.MySqlUser::ReadById(System.Guid)
FNDA:3,BlabberApp.Domain.Interfaces.IEntity BlabberApp.DataStore.Plugins.MySqlUser::ReadById(System.Guid)
DA:60,3
DA:61,3
DA:62,3
DA:63,3
DA:64,3
DA:65,3
DA:67,3
DA:69,3
DA:71,2
DA:72,2
DA:73,1
DA:75,2
FN:75,BlabberApp.Domain.Interfaces.IEntity BlabberApp.DataStore.Plugins.MySqlUser::ReadByUserEmail(System.String)
FNDA:4,BlabberApp.Domain.Interfaces.IEntity BlabberApp.DataStore.Plugins.MySqlUser::ReadByUserEmail(System.String)
DA:76,4
DA:77,4
DA:78,4
DA:79,4
DA:80,4
DA:81,4
DA:82,4
DA:84,4
DA:86,0
DA:87,8
DA:88,4
DA:90,0
FN:91,System.Void BlabberApp.DataStore.Plugins.MySqlUser::Update(BlabberApp.Domain.Interfaces.IEntity)
FNDA:1,System.Void BlabberApp.DataStore.Plugins.MySqlUser::Update(BlabberApp.Domain.Interfaces.IEntity)
DA:92,1
DA:93,1
DA:94,1
FN:95,System.Void BlabberApp.DataStore.Plugins.MySqlUser::Delete(BlabberApp.Domain.Interfaces.IEntity)
FNDA:1,System.Void BlabberApp.DataStore.Plugins.MySqlUser::Delete(BlabberApp.Domain.Interfaces.IEntity)
DA:96,1
DA:97,1
DA:98,1
DA:99,1
DA:100,1
DA:101,1
DA:102,0
DA:103,0
DA:105,1
FN:106,System.Void BlabberApp.DataStore.Plugins.MySqlUser::DeleteAll()
FNDA:10,System.Void BlabberApp.DataStore.Plugins.MySqlUser::DeleteAll()
DA:107,10
DA:108,10
DA:109,10
DA:110,10
DA:111,10
FN:112,BlabberApp.Domain.Entities.User BlabberApp.DataStore.Plugins.MySqlUser::DataRow2User(System.Data.DataRow)
FNDA:3,BlabberApp.Domain.Entities.User BlabberApp.DataStore.Plugins.MySqlUser::DataRow2User(System.Data.DataRow)
DA:113,3
DA:114,3
DA:116,3
DA:117,3
DA:118,3
DA:119,3
DA:121,3
DA:122,3
FN:11,System.Void BlabberApp.DataStore.Plugins.MySqlUser::.ctor()
FNDA:10,System.Void BlabberApp.DataStore.Plugins.MySqlUser::.ctor()
DA:12,10
DA:13,5
DA:14,5
DA:15,5
DA:16,0
DA:17,0
DA:19,5
LF:88
LH:75
BRF:2
BRH:2
FNF:10
FNH:9
end_of_record
SF:C:\Users\spect.DESKTOP-AHD10MO\Desktop\CS 4790 Net Web\repo\assignment-05-Spectrar\BlabberApp\BlabberApp.DataStore\Exceptions\UserAdapterExceptions.cs
FN:4,System.Void BlabberApp.DataStore.Exceptions.UserAdapterException::.ctor(System.String)
FNDA:0,System.Void BlabberApp.DataStore.Exceptions.UserAdapterException::.ctor(System.String)
DA:5,0
DA:6,0
FN:6,System.Void BlabberApp.DataStore.Exceptions.UserAdapterException::.ctor(System.String,System.Exception)
FNDA:0,System.Void BlabberApp.DataStore.Exceptions.UserAdapterException::.ctor(System.String,System.Exception)
DA:7,0
DA:8,0
FN:10,System.Void BlabberApp.DataStore.Exceptions.UserAdapterNotFoundException::.ctor(System.String)
FNDA:22,System.Void BlabberApp.DataStore.Exceptions.UserAdapterNotFoundException::.ctor(System.String)
DA:11,22
DA:12,11
FN:12,System.Void BlabberApp.DataStore.Exceptions.UserAdapterNotFoundException::.ctor(System.String,System.Exception)
FNDA:0,System.Void BlabberApp.DataStore.Exceptions.UserAdapterNotFoundException::.ctor(System.String,System.Exception)
DA:13,0
DA:14,0
FN:16,System.Void BlabberApp.DataStore.Exceptions.UserAdapterDuplicateException::.ctor(System.String)
FNDA:0,System.Void BlabberApp.DataStore.Exceptions.UserAdapterDuplicateException::.ctor(System.String)
DA:17,0
DA:18,0
FN:18,System.Void BlabberApp.DataStore.Exceptions.UserAdapterDuplicateException::.ctor(System.String,System.Exception)
FNDA:0,System.Void BlabberApp.DataStore.Exceptions.UserAdapterDuplicateException::.ctor(System.String,System.Exception)
DA:19,0
DA:20,0
LF:12
LH:2
BRF:0
BRH:0
FNF:6
FNH:1
end_of_record
SF:C:\Users\spect.DESKTOP-AHD10MO\Desktop\CS 4790 Net Web\repo\assignment-05-Spectrar\BlabberApp\BlabberApp.DataStore\Adapters\BlabAdapter.cs
FN:13,System.Void BlabberApp.DataStore.Adapters.BlabAdapter::Add(BlabberApp.Domain.Entities.Blab)
FNDA:4,System.Void BlabberApp.DataStore.Adapters.BlabAdapter::Add(BlabberApp.Domain.Entities.Blab)
DA:14,4
DA:15,4
DA:16,4
FN:17,System.Void BlabberApp.DataStore.Adapters.BlabAdapter::Remove(BlabberApp.Domain.Entities.Blab)
FNDA:1,System.Void BlabberApp.DataStore.Adapters.BlabAdapter::Remove(BlabberApp.Domain.Entities.Blab)
DA:18,1
DA:19,1
DA:20,1
FN:20,System.Void BlabberApp.DataStore.Adapters.BlabAdapter::RemoveAll()
FNDA:11,System.Void BlabberApp.DataStore.Adapters.BlabAdapter::RemoveAll()
DA:21,11
DA:22,11
DA:23,11
FN:24,System.Void BlabberApp.DataStore.Adapters.BlabAdapter::Update(BlabberApp.Domain.Entities.Blab)
FNDA:1,System.Void BlabberApp.DataStore.Adapters.BlabAdapter::Update(BlabberApp.Domain.Entities.Blab)
DA:25,1
DA:26,1
DA:27,1
FN:28,System.Collections.IEnumerable BlabberApp.DataStore.Adapters.BlabAdapter::GetAll()
FNDA:1,System.Collections.IEnumerable BlabberApp.DataStore.Adapters.BlabAdapter::GetAll()
DA:29,1
DA:30,1
DA:31,1
FN:32,BlabberApp.Domain.Entities.Blab BlabberApp.DataStore.Adapters.BlabAdapter::GetById(System.Guid)
FNDA:2,BlabberApp.Domain.Entities.Blab BlabberApp.DataStore.Adapters.BlabAdapter::GetById(System.Guid)
DA:33,2
DA:34,2
DA:35,1
FN:35,System.Collections.IEnumerable BlabberApp.DataStore.Adapters.BlabAdapter::GetByUserId(System.String)
FNDA:1,System.Collections.IEnumerable BlabberApp.DataStore.Adapters.BlabAdapter::GetByUserId(System.String)
DA:36,1
DA:37,1
DA:38,1
FN:9,System.Void BlabberApp.DataStore.Adapters.BlabAdapter::.ctor(BlabberApp.DataStore.Interfaces.IBlabPlugin)
FNDA:10,System.Void BlabberApp.DataStore.Adapters.BlabAdapter::.ctor(BlabberApp.DataStore.Interfaces.IBlabPlugin)
DA:10,10
DA:11,5
DA:12,5
LF:24
LH:24
BRF:0
BRH:0
FNF:8
FNH:8
end_of_record
SF:C:\Users\spect.DESKTOP-AHD10MO\Desktop\CS 4790 Net Web\repo\assignment-05-Spectrar\BlabberApp\BlabberApp.DataStore\Adapters\UserAdapter.cs
FN:14,System.Void BlabberApp.DataStore.Adapters.UserAdapter::Add(BlabberApp.Domain.Entities.User)
FNDA:9,System.Void BlabberApp.DataStore.Adapters.UserAdapter::Add(BlabberApp.Domain.Entities.User)
DA:15,9
DA:16,9
DA:17,9
DA:18,0
DA:19,9
DA:20,9
DA:21,9
DA:22,0
DA:23,0
DA:26,0
DA:27,9
FN:28,System.Void BlabberApp.DataStore.Adapters.UserAdapter::Remove(BlabberApp.Domain.Entities.User)
FNDA:1,System.Void BlabberApp.DataStore.Adapters.UserAdapter::Remove(BlabberApp.Domain.Entities.User)
DA:29,1
DA:30,1
DA:31,1
DA:32,0
DA:33,0
DA:35,1
FN:35,System.Void BlabberApp.DataStore.Adapters.UserAdapter::RemoveAll()
FNDA:19,System.Void BlabberApp.DataStore.Adapters.UserAdapter::RemoveAll()
DA:36,19
DA:37,19
DA:38,19
FN:39,System.Void BlabberApp.DataStore.Adapters.UserAdapter::Update(BlabberApp.Domain.Entities.User)
FNDA:1,System.Void BlabberApp.DataStore.Adapters.UserAdapter::Update(BlabberApp.Domain.Entities.User)
DA:40,1
DA:41,1
DA:42,1
DA:43,0
DA:44,0
DA:46,1
FN:47,System.Collections.IEnumerable BlabberApp.DataStore.Adapters.UserAdapter::GetAll()
FNDA:2,System.Collections.IEnumerable BlabberApp.DataStore.Adapters.UserAdapter::GetAll()
DA:48,2
DA:49,2
DA:50,2
DA:51,0
DA:52,0
DA:54,2
FN:55,BlabberApp.Domain.Entities.User BlabberApp.DataStore.Adapters.UserAdapter::GetById(System.Guid)
FNDA:5,BlabberApp.Domain.Entities.User BlabberApp.DataStore.Adapters.UserAdapter::GetById(System.Guid)
DA:56,5
DA:57,5
DA:58,5
DA:59,4
DA:60,2
DA:61,1
DA:63,4
FN:64,BlabberApp.Domain.Entities.User BlabberApp.DataStore.Adapters.UserAdapter::GetByEmail(System.String)
FNDA:11,BlabberApp.Domain.Entities.User BlabberApp.DataStore.Adapters.UserAdapter::GetByEmail(System.String)
DA:65,11
DA:66,11
DA:67,11
DA:68,1
DA:69,20
DA:70,10
DA:72,1
FN:10,System.Void BlabberApp.DataStore.Adapters.UserAdapter::.ctor(BlabberApp.DataStore.Interfaces.IUserPlugin)
FNDA:42,System.Void BlabberApp.DataStore.Adapters.UserAdapter::.ctor(BlabberApp.DataStore.Interfaces.IUserPlugin)
DA:11,42
DA:12,21
DA:13,21
LF:49
LH:39
BRF:0
BRH:0
FNF:8
FNH:8
end_of_record
SF:C:\Users\spect.DESKTOP-AHD10MO\Desktop\CS 4790 Net Web\repo\assignment-05-Spectrar\BlabberApp\BlabberApp.Domain\Entities\Blab.cs
FN:23,System.Guid BlabberApp.Domain.Entities.Blab::get_Id()
FNDA:16,System.Guid BlabberApp.Domain.Entities.Blab::get_Id()
DA:24,16
FN:24,System.DateTime BlabberApp.Domain.Entities.Blab::get_DTTM()
FNDA:0,System.DateTime BlabberApp.Domain.Entities.Blab::get_DTTM()
DA:25,0
FN:25,System.String BlabberApp.Domain.Entities.Blab::get_Message()
FNDA:15,System.String BlabberApp.Domain.Entities.Blab::get_Message()
DA:26,15
FN:26,BlabberApp.Domain.Entities.User BlabberApp.Domain.Entities.Blab::get_User()
FNDA:11,BlabberApp.Domain.Entities.User BlabberApp.Domain.Entities.Blab::get_User()
DA:27,11
FN:5,System.Void BlabberApp.Domain.Entities.Blab::.ctor()
FNDA:2,System.Void BlabberApp.Domain.Entities.Blab::.ctor()
DA:6,2
DA:7,1
DA:8,1
DA:9,1
DA:10,1
DA:11,1
FN:11,System.Void BlabberApp.Domain.Entities.Blab::.ctor(BlabberApp.Domain.Entities.User)
FNDA:4,System.Void BlabberApp.Domain.Entities.Blab::.ctor(BlabberApp.Domain.Entities.User)
DA:12,4
DA:13,2
DA:14,2
DA:15,2
DA:16,2
DA:17,2
FN:17,System.Void BlabberApp.Domain.Entities.Blab::.ctor(System.String,BlabberApp.Domain.Entities.User)
FNDA:8,System.Void BlabberApp.Domain.Entities.Blab::.ctor(System.String,BlabberApp.Domain.Entities.User)
DA:18,8
DA:19,4
DA:20,4
DA:21,4
DA:22,4
DA:23,4
LF:22
LH:21
BRF:0
BRH:0
FNF:7
FNH:6
end_of_record
SF:C:\Users\spect.DESKTOP-AHD10MO\Desktop\CS 4790 Net Web\repo\assignment-05-Spectrar\BlabberApp\BlabberApp.Domain\Entities\User.cs
FN:5,System.Guid BlabberApp.Domain.Entities.User::get_Id()
FNDA:53,System.Guid BlabberApp.Domain.Entities.User::get_Id()
DA:6,53
FN:6,System.DateTime BlabberApp.Domain.Entities.User::get_RegisterDTTM()
FNDA:0,System.DateTime BlabberApp.Domain.Entities.User::get_RegisterDTTM()
DA:7,0
FN:7,System.DateTime BlabberApp.Domain.Entities.User::get_LastLoginDTTM()
FNDA:0,System.DateTime BlabberApp.Domain.Entities.User::get_LastLoginDTTM()
DA:8,0
FN:8,System.String BlabberApp.Domain.Entities.User::get_Email()
FNDA:54,System.String BlabberApp.Domain.Entities.User::get_Email()
DA:9,54
FN:19,System.Void BlabberApp.Domain.Entities.User::ChangeEmail(System.String)
FNDA:30,System.Void BlabberApp.Domain.Entities.User::ChangeEmail(System.String)
DA:20,30
DA:21,30
DA:22,0
DA:23,30
DA:24,30
DA:25,0
DA:26,0
DA:28,30
DA:29,30
BRDA:21,7,0,30
BRDA:21,7,1,0
BRDA:21,24,0,0
BRDA:21,24,1,30
FN:10,System.Void BlabberApp.Domain.Entities.User::.ctor()
FNDA:12,System.Void BlabberApp.Domain.Entities.User::.ctor()
DA:11,12
DA:12,6
DA:13,6
FN:14,System.Void BlabberApp.Domain.Entities.User::.ctor(System.String)
FNDA:44,System.Void BlabberApp.Domain.Entities.User::.ctor(System.String)
DA:15,44
DA:16,22
DA:17,22
DA:18,22
LF:20
LH:15
BRF:4
BRH:2
FNF:7
FNH:5
end_of_record