SF:C:\Users\spect.DESKTOP-AHD10MO\Desktop\CS 4790 Net Web\repo\assignment-05-Spectrar\BlabberApp\BlabberApp.Domain\Entities\Blab.cs
FN:23,System.Guid BlabberApp.Domain.Entities.Blab::get_Id()
FNDA:9,System.Guid BlabberApp.Domain.Entities.Blab::get_Id()
DA:24,9
FN:24,System.DateTime BlabberApp.Domain.Entities.Blab::get_DTTM()
FNDA:11,System.DateTime BlabberApp.Domain.Entities.Blab::get_DTTM()
DA:25,11
FN:25,System.String BlabberApp.Domain.Entities.Blab::get_Message()
FNDA:9,System.String BlabberApp.Domain.Entities.Blab::get_Message()
DA:26,9
FN:26,BlabberApp.Domain.Entities.User BlabberApp.Domain.Entities.Blab::get_User()
FNDA:9,BlabberApp.Domain.Entities.User BlabberApp.Domain.Entities.Blab::get_User()
DA:27,9
FN:5,System.Void BlabberApp.Domain.Entities.Blab::.ctor()
FNDA:14,System.Void BlabberApp.Domain.Entities.Blab::.ctor()
DA:6,14
DA:7,7
DA:8,7
DA:9,7
DA:10,7
DA:11,7
FN:11,System.Void BlabberApp.Domain.Entities.Blab::.ctor(BlabberApp.Domain.Entities.User)
FNDA:0,System.Void BlabberApp.Domain.Entities.Blab::.ctor(BlabberApp.Domain.Entities.User)
DA:12,0
DA:13,0
DA:14,0
DA:15,0
DA:16,0
DA:17,0
FN:17,System.Void BlabberApp.Domain.Entities.Blab::.ctor(System.String,BlabberApp.Domain.Entities.User)
FNDA:0,System.Void BlabberApp.Domain.Entities.Blab::.ctor(System.String,BlabberApp.Domain.Entities.User)
DA:18,0
DA:19,0
DA:20,0
DA:21,0
DA:22,0
DA:23,0
LF:22
LH:10
BRF:0
BRH:0
FNF:7
FNH:5
end_of_record
SF:C:\Users\spect.DESKTOP-AHD10MO\Desktop\CS 4790 Net Web\repo\assignment-05-Spectrar\BlabberApp\BlabberApp.Domain\Entities\User.cs
FN:5,System.Guid BlabberApp.Domain.Entities.User::get_Id()
FNDA:21,System.Guid BlabberApp.Domain.Entities.User::get_Id()
DA:6,21
FN:6,System.DateTime BlabberApp.Domain.Entities.User::get_RegisterDTTM()
FNDA:0,System.DateTime BlabberApp.Domain.Entities.User::get_RegisterDTTM()
DA:7,0
FN:7,System.DateTime BlabberApp.Domain.Entities.User::get_LastLoginDTTM()
FNDA:0,System.DateTime BlabberApp.Domain.Entities.User::get_LastLoginDTTM()
DA:8,0
FN:8,System.String BlabberApp.Domain.Entities.User::get_Email()
FNDA:2,System.String BlabberApp.Domain.Entities.User::get_Email()
DA:9,2
FN:19,System.Void BlabberApp.Domain.Entities.User::ChangeEmail(System.String)
FNDA:4,System.Void BlabberApp.Domain.Entities.User::ChangeEmail(System.String)
DA:20,4
DA:21,4
DA:22,0
DA:23,4
DA:24,4
DA:25,7
DA:26,3
DA:28,1
DA:29,1
BRDA:21,7,0,4
BRDA:21,7,1,0
BRDA:21,24,0,0
BRDA:21,24,1,4
FN:10,System.Void BlabberApp.Domain.Entities.User::.ctor()
FNDA:26,System.Void BlabberApp.Domain.Entities.User::.ctor()
DA:11,26
DA:12,13
DA:13,13
FN:14,System.Void BlabberApp.Domain.Entities.User::.ctor(System.String)
FNDA:0,System.Void BlabberApp.Domain.Entities.User::.ctor(System.String)
DA:15,0
DA:16,0
DA:17,0
DA:18,0
LF:20
LH:13
BRF:4
BRH:2
FNF:7
FNH:4
end_of_record