SF:C:\Users\spect.DESKTOP-AHD10MO\Desktop\CS 4790 Net Web\repo\assignment-05-Spectrar\BlabberApp\BlabberApp.DataStore\MySqlContext.cs
FN:5,Microsoft.EntityFrameworkCore.DbSet`1<BlabberApp.Domain.Entities.Blab> BlabberApp.DataStore.Plugins.MySqlContext::get_Blab()
FNDA:0,Microsoft.EntityFrameworkCore.DbSet`1<BlabberApp.Domain.Entities.Blab> BlabberApp.DataStore.Plugins.MySqlContext::get_Blab()
DA:6,0
FN:7,Microsoft.EntityFrameworkCore.DbSet`1<BlabberApp.Domain.Entities.User> BlabberApp.DataStore.Plugins.MySqlContext::get_User()
FNDA:0,Microsoft.EntityFrameworkCore.DbSet`1<BlabberApp.Domain.Entities.User> BlabberApp.DataStore.Plugins.MySqlContext::get_User()
DA:8,0
FN:9,System.Void BlabberApp.DataStore.Plugins.MySqlContext::OnConfiguring(Microsoft.EntityFrameworkCore.DbContextOptionsBuilder)
FNDA:0,System.Void BlabberApp.DataStore.Plugins.MySqlContext::OnConfiguring(Microsoft.EntityFrameworkCore.DbContextOptionsBuilder)
DA:10,0
DA:11,0
DA:12,0
FN:13,System.Void BlabberApp.DataStore.Plugins.MySqlContext::OnModelCreating(Microsoft.EntityFrameworkCore.ModelBuilder)
FNDA:0,System.Void BlabberApp.DataStore.Plugins.MySqlContext::OnModelCreating(Microsoft.EntityFrameworkCore.ModelBuilder)
DA:14,0
DA:15,0
DA:17,0
DA:18,0
DA:19,0
DA:20,0
DA:21,0
DA:22,0
DA:24,0
DA:25,0
DA:26,0
DA:27,0
DA:28,0
DA:29,0
DA:30,0
LF:20
LH:0
BRF:0
BRH:0
FNF:4
FNH:0
end_of_record
SF:C:\Users\spect.DESKTOP-AHD10MO\Desktop\CS 4790 Net Web\repo\assignment-05-Spectrar\BlabberApp\BlabberApp.DataStore\Plugins\InMemory.cs
FN:13,System.Void BlabberApp.DataStore.Plugins.InMemory::Create(BlabberApp.Domain.Interfaces.IEntity)
FNDA:2,System.Void BlabberApp.DataStore.Plugins.InMemory::Create(BlabberApp.Domain.Interfaces.IEntity)
DA:14,2
DA:15,2
DA:16,2
FN:17,System.Collections.IEnumerable BlabberApp.DataStore.Plugins.InMemory::ReadAll()
FNDA:2,System.Collections.IEnumerable BlabberApp.DataStore.Plugins.InMemory::ReadAll()
DA:18,2
DA:19,2
DA:20,2
FN:21,BlabberApp.Domain.Interfaces.IEntity BlabberApp.DataStore.Plugins.InMemory::ReadById(System.Guid)
FNDA:0,BlabberApp.Domain.Interfaces.IEntity BlabberApp.DataStore.Plugins.InMemory::ReadById(System.Guid)
DA:22,0
DA:23,0
DA:24,0
DA:25,0
DA:26,0
DA:27,0
BRDA:23,57,1,0
BRDA:24,44,0,0
BRDA:24,44,1,0
BRDA:23,57,0,0
FN:27,System.Collections.IEnumerable BlabberApp.DataStore.Plugins.InMemory::ReadByUserId(System.String)
FNDA:0,System.Collections.IEnumerable BlabberApp.DataStore.Plugins.InMemory::ReadByUserId(System.String)
DA:28,0
DA:29,0
FN:30,BlabberApp.Domain.Interfaces.IEntity BlabberApp.DataStore.Plugins.InMemory::ReadByUserEmail(System.String)
FNDA:2,BlabberApp.Domain.Interfaces.IEntity BlabberApp.DataStore.Plugins.InMemory::ReadByUserEmail(System.String)
DA:31,2
DA:32,8
DA:33,2
DA:34,1
DA:36,0
DA:37,1
DA:38,1
BRDA:32,57,1,1
BRDA:33,43,0,1
BRDA:33,43,1,0
BRDA:32,57,0,1
FN:39,System.Void BlabberApp.DataStore.Plugins.InMemory::Update(BlabberApp.Domain.Interfaces.IEntity)
FNDA:0,System.Void BlabberApp.DataStore.Plugins.InMemory::Update(BlabberApp.Domain.Interfaces.IEntity)
DA:40,0
DA:41,0
DA:42,0
DA:43,0
FN:44,System.Void BlabberApp.DataStore.Plugins.InMemory::Delete(BlabberApp.Domain.Interfaces.IEntity)
FNDA:0,System.Void BlabberApp.DataStore.Plugins.InMemory::Delete(BlabberApp.Domain.Interfaces.IEntity)
DA:45,0
DA:46,0
DA:47,0
FN:47,System.Void BlabberApp.DataStore.Plugins.InMemory::DeleteAll()
FNDA:0,System.Void BlabberApp.DataStore.Plugins.InMemory::DeleteAll()
DA:48,0
DA:49,0
DA:50,0
FN:9,System.Void BlabberApp.DataStore.Plugins.InMemory::.ctor()
FNDA:16,System.Void BlabberApp.DataStore.Plugins.InMemory::.ctor()
DA:10,16
DA:11,8
DA:12,8
LF:34
LH:15
BRF:8
BRH:3
FNF:9
FNH:4
end_of_record
SF:C:\Users\spect.DESKTOP-AHD10MO\Desktop\CS 4790 Net Web\repo\assignment-05-Spectrar\BlabberApp\BlabberApp.DataStore\Plugins\MySqlBlab.cs
FN:19,System.Void BlabberApp.DataStore.Plugins.MySqlBlab::Close()
FNDA:0,System.Void BlabberApp.DataStore.Plugins.MySqlBlab::Close()
DA:20,0
DA:21,0
DA:22,0
FN:22,System.Void BlabberApp.DataStore.Plugins.MySqlBlab::Create(BlabberApp.Domain.Interfaces.IEntity)
FNDA:0,System.Void BlabberApp.DataStore.Plugins.MySqlBlab::Create(BlabberApp.Domain.Interfaces.IEntity)
DA:23,0
DA:24,0
DA:25,0
DA:26,0
DA:27,0
DA:28,0
DA:29,0
DA:30,0
DA:31,0
DA:32,0
DA:33,0
DA:34,0
DA:35,0
DA:37,0
FN:38,System.Collections.IEnumerable BlabberApp.DataStore.Plugins.MySqlBlab::ReadAll()
FNDA:0,System.Collections.IEnumerable BlabberApp.DataStore.Plugins.MySqlBlab::ReadAll()
DA:39,0
DA:40,0
DA:42,0
DA:43,0
DA:44,0
DA:45,0
DA:47,0
DA:49,0
DA:51,0
DA:52,0
DA:53,0
DA:55,0
DA:56,0
DA:57,0
DA:59,0
BRDA:51,115,1,0
BRDA:51,115,0,0
FN:60,BlabberApp.Domain.Interfaces.IEntity BlabberApp.DataStore.Plugins.MySqlBlab::ReadById(System.Guid)
FNDA:0,BlabberApp.Domain.Interfaces.IEntity BlabberApp.DataStore.Plugins.MySqlBlab::ReadById(System.Guid)
DA:61,0
DA:62,0
DA:63,0
DA:64,0
DA:65,0
DA:66,0
DA:68,0
DA:70,0
DA:71,0
DA:73,0
DA:75,0
DA:76,0
DA:77,0
DA:79,0
FN:80,System.Collections.IEnumerable BlabberApp.DataStore.Plugins.MySqlBlab::ReadByUserId(System.String)
FNDA:0,System.Collections.IEnumerable BlabberApp.DataStore.Plugins.MySqlBlab::ReadByUserId(System.String)
DA:81,0
DA:82,0
DA:83,0
DA:84,0
DA:85,0
DA:86,0
DA:88,0
DA:90,0
DA:92,0
DA:93,0
DA:94,0
DA:96,0
DA:97,0
DA:98,0
DA:100,0
BRDA:92,131,1,0
BRDA:92,131,0,0
FN:101,System.Void BlabberApp.DataStore.Plugins.MySqlBlab::Update(BlabberApp.Domain.Interfaces.IEntity)
FNDA:0,System.Void BlabberApp.DataStore.Plugins.MySqlBlab::Update(BlabberApp.Domain.Interfaces.IEntity)
DA:102,0
DA:103,0
DA:104,0
FN:105,System.Void BlabberApp.DataStore.Plugins.MySqlBlab::Delete(BlabberApp.Domain.Interfaces.IEntity)
FNDA:0,System.Void BlabberApp.DataStore.Plugins.MySqlBlab::Delete(BlabberApp.Domain.Interfaces.IEntity)
DA:106,0
DA:107,0
DA:108,0
FN:108,System.Void BlabberApp.DataStore.Plugins.MySqlBlab::DeleteAll()
FNDA:0,System.Void BlabberApp.DataStore.Plugins.MySqlBlab::DeleteAll()
DA:109,0
DA:110,0
DA:111,0
DA:112,0
DA:113,0
FN:113,BlabberApp.Domain.Entities.Blab BlabberApp.DataStore.Plugins.MySqlBlab::DataRow2Blab(System.Data.DataRow)
FNDA:0,BlabberApp.Domain.Entities.Blab BlabberApp.DataStore.Plugins.MySqlBlab::DataRow2Blab(System.Data.DataRow)
DA:114,0
DA:115,0
DA:117,0
DA:119,0
DA:121,0
DA:122,0
DA:123,0
DA:125,0
DA:126,0
FN:11,System.Void BlabberApp.DataStore.Plugins.MySqlBlab::.ctor()
FNDA:0,System.Void BlabberApp.DataStore.Plugins.MySqlBlab::.ctor()
DA:12,0
DA:13,0
DA:14,0
DA:15,0
DA:16,0
DA:17,0
DA:19,0
LF:88
LH:0
BRF:4
BRH:0
FNF:10
FNH:0
end_of_record
SF:C:\Users\spect.DESKTOP-AHD10MO\Desktop\CS 4790 Net Web\repo\assignment-05-Spectrar\BlabberApp\BlabberApp.DataStore\Plugins\MySqlUser.cs
FN:19,System.Void BlabberApp.DataStore.Plugins.MySqlUser::Close()
FNDA:0,System.Void BlabberApp.DataStore.Plugins.MySqlUser::Close()
DA:20,0
DA:21,0
DA:22,0
FN:22,System.Void BlabberApp.DataStore.Plugins.MySqlUser::Create(BlabberApp.Domain.Interfaces.IEntity)
FNDA:0,System.Void BlabberApp.DataStore.Plugins.MySqlUser::Create(BlabberApp.Domain.Interfaces.IEntity)
DA:23,0
DA:24,0
DA:25,0
DA:26,0
DA:27,0
DA:28,0
DA:29,0
DA:30,0
DA:31,0
DA:32,0
DA:33,0
DA:34,0
DA:35,0
DA:37,0
FN:38,System.Collections.IEnumerable BlabberApp.DataStore.Plugins.MySqlUser::ReadAll()
FNDA:0,System.Collections.IEnumerable BlabberApp.DataStore.Plugins.MySqlUser::ReadAll()
DA:39,0
DA:40,0
DA:41,0
DA:42,0
DA:43,0
DA:44,0
DA:46,0
DA:48,0
DA:50,0
DA:51,0
DA:52,0
DA:54,0
DA:55,0
DA:56,0
DA:58,0
BRDA:50,120,1,0
BRDA:50,120,0,0
FN:59,BlabberApp.Domain.Interfaces.IEntity BlabberApp.DataStore.Plugins.MySqlUser::ReadById(System.Guid)
FNDA:0,BlabberApp.Domain.Interfaces.IEntity BlabberApp.DataStore.Plugins.MySqlUser::ReadById(System.Guid)
DA:60,0
DA:61,0
DA:62,0
DA:63,0
DA:64,0
DA:65,0
DA:67,0
DA:69,0
DA:71,0
DA:72,0
DA:73,0
DA:75,0
FN:75,BlabberApp.Domain.Interfaces.IEntity BlabberApp.DataStore.Plugins.MySqlUser::ReadByUserEmail(System.String)
FNDA:0,BlabberApp.Domain.Interfaces.IEntity BlabberApp.DataStore.Plugins.MySqlUser::ReadByUserEmail(System.String)
DA:76,0
DA:77,0
DA:78,0
DA:79,0
DA:80,0
DA:81,0
DA:82,0
DA:84,0
DA:86,0
DA:87,0
DA:88,0
DA:90,0
FN:91,System.Void BlabberApp.DataStore.Plugins.MySqlUser::Update(BlabberApp.Domain.Interfaces.IEntity)
FNDA:0,System.Void BlabberApp.DataStore.Plugins.MySqlUser::Update(BlabberApp.Domain.Interfaces.IEntity)
DA:92,0
DA:93,0
DA:94,0
FN:95,System.Void BlabberApp.DataStore.Plugins.MySqlUser::Delete(BlabberApp.Domain.Interfaces.IEntity)
FNDA:0,System.Void BlabberApp.DataStore.Plugins.MySqlUser::Delete(BlabberApp.Domain.Interfaces.IEntity)
DA:96,0
DA:97,0
DA:98,0
DA:99,0
DA:100,0
DA:101,0
DA:102,0
DA:103,0
DA:105,0
FN:106,System.Void BlabberApp.DataStore.Plugins.MySqlUser::DeleteAll()
FNDA:0,System.Void BlabberApp.DataStore.Plugins.MySqlUser::DeleteAll()
DA:107,0
DA:108,0
DA:109,0
DA:110,0
DA:111,0
FN:112,BlabberApp.Domain.Entities.User BlabberApp.DataStore.Plugins.MySqlUser::DataRow2User(System.Data.DataRow)
FNDA:0,BlabberApp.Domain.Entities.User BlabberApp.DataStore.Plugins.MySqlUser::DataRow2User(System.Data.DataRow)
DA:113,0
DA:114,0
DA:116,0
DA:117,0
DA:118,0
DA:119,0
DA:121,0
DA:122,0
FN:11,System.Void BlabberApp.DataStore.Plugins.MySqlUser::.ctor()
FNDA:0,System.Void BlabberApp.DataStore.Plugins.MySqlUser::.ctor()
DA:12,0
DA:13,0
DA:14,0
DA:15,0
DA:16,0
DA:17,0
DA:19,0
LF:88
LH:0
BRF:2
BRH:0
FNF:10
FNH:0
end_of_record
SF:C:\Users\spect.DESKTOP-AHD10MO\Desktop\CS 4790 Net Web\repo\assignment-05-Spectrar\BlabberApp\BlabberApp.DataStore\Exceptions\UserAdapterExceptions.cs
FN:4,System.Void BlabberApp.DataStore.Exceptions.UserAdapterException::.ctor(System.String)
FNDA:0,System.Void BlabberApp.DataStore.Exceptions.UserAdapterException::.ctor(System.String)
DA:5,0
DA:6,0
FN:6,System.Void BlabberApp.DataStore.Exceptions.UserAdapterException::.ctor(System.String,System.Exception)
FNDA:0,System.Void BlabberApp.DataStore.Exceptions.UserAdapterException::.ctor(System.String,System.Exception)
DA:7,0
DA:8,0
FN:10,System.Void BlabberApp.DataStore.Exceptions.UserAdapterNotFoundException::.ctor(System.String)
FNDA:2,System.Void BlabberApp.DataStore.Exceptions.UserAdapterNotFoundException::.ctor(System.String)
DA:11,2
DA:12,1
FN:12,System.Void BlabberApp.DataStore.Exceptions.UserAdapterNotFoundException::.ctor(System.String,System.Exception)
FNDA:0,System.Void BlabberApp.DataStore.Exceptions.UserAdapterNotFoundException::.ctor(System.String,System.Exception)
DA:13,0
DA:14,0
FN:16,System.Void BlabberApp.DataStore.Exceptions.UserAdapterDuplicateException::.ctor(System.String)
FNDA:0,System.Void BlabberApp.DataStore.Exceptions.UserAdapterDuplicateException::.ctor(System.String)
DA:17,0
DA:18,0
FN:18,System.Void BlabberApp.DataStore.Exceptions.UserAdapterDuplicateException::.ctor(System.String,System.Exception)
FNDA:0,System.Void BlabberApp.DataStore.Exceptions.UserAdapterDuplicateException::.ctor(System.String,System.Exception)
DA:19,0
DA:20,0
LF:12
LH:2
BRF:0
BRH:0
FNF:6
FNH:1
end_of_record
SF:C:\Users\spect.DESKTOP-AHD10MO\Desktop\CS 4790 Net Web\repo\assignment-05-Spectrar\BlabberApp\BlabberApp.DataStore\Adapters\BlabAdapter.cs
FN:13,System.Void BlabberApp.DataStore.Adapters.BlabAdapter::Add(BlabberApp.Domain.Entities.Blab)
FNDA:1,System.Void BlabberApp.DataStore.Adapters.BlabAdapter::Add(BlabberApp.Domain.Entities.Blab)
DA:14,1
DA:15,1
DA:16,1
FN:17,System.Void BlabberApp.DataStore.Adapters.BlabAdapter::Remove(BlabberApp.Domain.Entities.Blab)
FNDA:0,System.Void BlabberApp.DataStore.Adapters.BlabAdapter::Remove(BlabberApp.Domain.Entities.Blab)
DA:18,0
DA:19,0
DA:20,0
FN:20,System.Void BlabberApp.DataStore.Adapters.BlabAdapter::RemoveAll()
FNDA:0,System.Void BlabberApp.DataStore.Adapters.BlabAdapter::RemoveAll()
DA:21,0
DA:22,0
DA:23,0
FN:24,System.Void BlabberApp.DataStore.Adapters.BlabAdapter::Update(BlabberApp.Domain.Entities.Blab)
FNDA:0,System.Void BlabberApp.DataStore.Adapters.BlabAdapter::Update(BlabberApp.Domain.Entities.Blab)
DA:25,0
DA:26,0
DA:27,0
FN:28,System.Collections.IEnumerable BlabberApp.DataStore.Adapters.BlabAdapter::GetAll()
FNDA:1,System.Collections.IEnumerable BlabberApp.DataStore.Adapters.BlabAdapter::GetAll()
DA:29,1
DA:30,1
DA:31,1
FN:32,BlabberApp.Domain.Entities.Blab BlabberApp.DataStore.Adapters.BlabAdapter::GetById(System.Guid)
FNDA:0,BlabberApp.Domain.Entities.Blab BlabberApp.DataStore.Adapters.BlabAdapter::GetById(System.Guid)
DA:33,0
DA:34,0
DA:35,0
FN:35,System.Collections.IEnumerable BlabberApp.DataStore.Adapters.BlabAdapter::GetByUserId(System.String)
FNDA:0,System.Collections.IEnumerable BlabberApp.DataStore.Adapters.BlabAdapter::GetByUserId(System.String)
DA:36,0
DA:37,0
DA:38,0
FN:9,System.Void BlabberApp.DataStore.Adapters.BlabAdapter::.ctor(BlabberApp.DataStore.Interfaces.IBlabPlugin)
FNDA:8,System.Void BlabberApp.DataStore.Adapters.BlabAdapter::.ctor(BlabberApp.DataStore.Interfaces.IBlabPlugin)
DA:10,8
DA:11,4
DA:12,4
LF:24
LH:9
BRF:0
BRH:0
FNF:8
FNH:3
end_of_record
SF:C:\Users\spect.DESKTOP-AHD10MO\Desktop\CS 4790 Net Web\repo\assignment-05-Spectrar\BlabberApp\BlabberApp.DataStore\Adapters\UserAdapter.cs
FN:14,System.Void BlabberApp.DataStore.Adapters.UserAdapter::Add(BlabberApp.Domain.Entities.User)
FNDA:1,System.Void BlabberApp.DataStore.Adapters.UserAdapter::Add(BlabberApp.Domain.Entities.User)
DA:15,1
DA:16,1
DA:17,1
DA:18,0
DA:19,1
DA:20,1
DA:21,1
DA:22,0
DA:23,0
DA:26,0
DA:27,1
FN:28,System.Void BlabberApp.DataStore.Adapters.UserAdapter::Remove(BlabberApp.Domain.Entities.User)
FNDA:0,System.Void BlabberApp.DataStore.Adapters.UserAdapter::Remove(BlabberApp.Domain.Entities.User)
DA:29,0
DA:30,0
DA:31,0
DA:32,0
DA:33,0
DA:35,0
FN:35,System.Void BlabberApp.DataStore.Adapters.UserAdapter::RemoveAll()
FNDA:0,System.Void BlabberApp.DataStore.Adapters.UserAdapter::RemoveAll()
DA:36,0
DA:37,0
DA:38,0
FN:39,System.Void BlabberApp.DataStore.Adapters.UserAdapter::Update(BlabberApp.Domain.Entities.User)
FNDA:0,System.Void BlabberApp.DataStore.Adapters.UserAdapter::Update(BlabberApp.Domain.Entities.User)
DA:40,0
DA:41,0
DA:42,0
DA:43,0
DA:44,0
DA:46,0
FN:47,System.Collections.IEnumerable BlabberApp.DataStore.Adapters.UserAdapter::GetAll()
FNDA:1,System.Collections.IEnumerable BlabberApp.DataStore.Adapters.UserAdapter::GetAll()
DA:48,1
DA:49,1
DA:50,1
DA:51,0
DA:52,0
DA:54,1
FN:55,BlabberApp.Domain.Entities.User BlabberApp.DataStore.Adapters.UserAdapter::GetById(System.Guid)
FNDA:0,BlabberApp.Domain.Entities.User BlabberApp.DataStore.Adapters.UserAdapter::GetById(System.Guid)
DA:56,0
DA:57,0
DA:58,0
DA:59,0
DA:60,0
DA:61,0
DA:63,0
FN:64,BlabberApp.Domain.Entities.User BlabberApp.DataStore.Adapters.UserAdapter::GetByEmail(System.String)
FNDA:2,BlabberApp.Domain.Entities.User BlabberApp.DataStore.Adapters.UserAdapter::GetByEmail(System.String)
DA:65,2
DA:66,2
DA:67,2
DA:68,1
DA:69,2
DA:70,1
DA:72,1
FN:10,System.Void BlabberApp.DataStore.Adapters.UserAdapter::.ctor(BlabberApp.DataStore.Interfaces.IUserPlugin)
FNDA:8,System.Void BlabberApp.DataStore.Adapters.UserAdapter::.ctor(BlabberApp.DataStore.Interfaces.IUserPlugin)
DA:11,8
DA:12,4
DA:13,4
LF:49
LH:21
BRF:0
BRH:0
FNF:8
FNH:4
end_of_record
SF:C:\Users\spect.DESKTOP-AHD10MO\Desktop\CS 4790 Net Web\repo\assignment-05-Spectrar\BlabberApp\BlabberApp.Domain\Entities\Blab.cs
FN:23,System.Guid BlabberApp.Domain.Entities.Blab::get_Id()
FNDA:0,System.Guid BlabberApp.Domain.Entities.Blab::get_Id()
DA:24,0
FN:24,System.DateTime BlabberApp.Domain.Entities.Blab::get_DTTM()
FNDA:0,System.DateTime BlabberApp.Domain.Entities.Blab::get_DTTM()
DA:25,0
FN:25,System.String BlabberApp.Domain.Entities.Blab::get_Message()
FNDA:0,System.String BlabberApp.Domain.Entities.Blab::get_Message()
DA:26,0
FN:26,BlabberApp.Domain.Entities.User BlabberApp.Domain.Entities.Blab::get_User()
FNDA:0,BlabberApp.Domain.Entities.User BlabberApp.Domain.Entities.Blab::get_User()
DA:27,0
FN:5,System.Void BlabberApp.Domain.Entities.Blab::.ctor()
FNDA:0,System.Void BlabberApp.Domain.Entities.Blab::.ctor()
DA:6,0
DA:7,0
DA:8,0
DA:9,0
DA:10,0
DA:11,0
FN:11,System.Void BlabberApp.Domain.Entities.Blab::.ctor(BlabberApp.Domain.Entities.User)
FNDA:0,System.Void BlabberApp.Domain.Entities.Blab::.ctor(BlabberApp.Domain.Entities.User)
DA:12,0
DA:13,0
DA:14,0
DA:15,0
DA:16,0
DA:17,0
FN:17,System.Void BlabberApp.Domain.Entities.Blab::.ctor(System.String,BlabberApp.Domain.Entities.User)
FNDA:2,System.Void BlabberApp.Domain.Entities.Blab::.ctor(System.String,BlabberApp.Domain.Entities.User)
DA:18,2
DA:19,1
DA:20,1
DA:21,1
DA:22,1
DA:23,1
LF:22
LH:6
BRF:0
BRH:0
FNF:7
FNH:1
end_of_record
SF:C:\Users\spect.DESKTOP-AHD10MO\Desktop\CS 4790 Net Web\repo\assignment-05-Spectrar\BlabberApp\BlabberApp.Domain\Entities\User.cs
FN:5,System.Guid BlabberApp.Domain.Entities.User::get_Id()
FNDA:0,System.Guid BlabberApp.Domain.Entities.User::get_Id()
DA:6,0
FN:6,System.DateTime BlabberApp.Domain.Entities.User::get_RegisterDTTM()
FNDA:0,System.DateTime BlabberApp.Domain.Entities.User::get_RegisterDTTM()
DA:7,0
FN:7,System.DateTime BlabberApp.Domain.Entities.User::get_LastLoginDTTM()
FNDA:0,System.DateTime BlabberApp.Domain.Entities.User::get_LastLoginDTTM()
DA:8,0
FN:8,System.String BlabberApp.Domain.Entities.User::get_Email()
FNDA:7,System.String BlabberApp.Domain.Entities.User::get_Email()
DA:9,7
FN:19,System.Void BlabberApp.Domain.Entities.User::ChangeEmail(System.String)
FNDA:3,System.Void BlabberApp.Domain.Entities.User::ChangeEmail(System.String)
DA:20,3
DA:21,3
DA:22,0
DA:23,3
DA:24,3
DA:25,0
DA:26,0
DA:28,3
DA:29,3
BRDA:21,7,0,3
BRDA:21,7,1,0
BRDA:21,24,0,0
BRDA:21,24,1,3
FN:10,System.Void BlabberApp.Domain.Entities.User::.ctor()
FNDA:0,System.Void BlabberApp.Domain.Entities.User::.ctor()
DA:11,0
DA:12,0
DA:13,0
FN:14,System.Void BlabberApp.Domain.Entities.User::.ctor(System.String)
FNDA:6,System.Void BlabberApp.Domain.Entities.User::.ctor(System.String)
DA:15,6
DA:16,3
DA:17,3
DA:18,3
LF:20
LH:11
BRF:4
BRH:2
FNF:7
FNH:3
end_of_record
SF:C:\Users\spect.DESKTOP-AHD10MO\Desktop\CS 4790 Net Web\repo\assignment-05-Spectrar\BlabberApp\BlabberApp.Services\BlabService.cs
FN:8,System.Void BlabberApp.Services.BlabService::AddBlab(System.String,System.String)
FNDA:0,System.Void BlabberApp.Services.BlabService::AddBlab(System.String,System.String)
DA:9,0
DA:10,0
DA:11,0
FN:11,System.Void BlabberApp.Services.BlabService::AddBlab(BlabberApp.Domain.Entities.Blab)
FNDA:1,System.Void BlabberApp.Services.BlabService::AddBlab(BlabberApp.Domain.Entities.Blab)
DA:12,1
DA:13,1
DA:14,1
FN:18,System.Collections.IEnumerable BlabberApp.Services.BlabService::GetAll()
FNDA:1,System.Collections.IEnumerable BlabberApp.Services.BlabService::GetAll()
DA:19,1
DA:20,1
DA:21,1
FN:21,System.Collections.IEnumerable BlabberApp.Services.BlabService::FindUserBlabs(System.String)
FNDA:1,System.Collections.IEnumerable BlabberApp.Services.BlabService::FindUserBlabs(System.String)
DA:22,1
DA:23,1
FN:24,BlabberApp.Domain.Entities.Blab BlabberApp.Services.BlabService::CreateBlab(System.String,System.String)
FNDA:1,BlabberApp.Domain.Entities.Blab BlabberApp.Services.BlabService::CreateBlab(System.String,System.String)
DA:25,1
DA:26,1
DA:27,1
DA:28,1
FN:28,BlabberApp.Domain.Entities.Blab BlabberApp.Services.BlabService::CreateBlab(System.String,BlabberApp.Domain.Entities.User)
FNDA:0,BlabberApp.Domain.Entities.Blab BlabberApp.Services.BlabService::CreateBlab(System.String,BlabberApp.Domain.Entities.User)
DA:29,0
DA:30,0
DA:31,0
FN:14,System.Void BlabberApp.Services.BlabService::.ctor(BlabberApp.DataStore.Adapters.BlabAdapter)
FNDA:6,System.Void BlabberApp.Services.BlabService::.ctor(BlabberApp.DataStore.Adapters.BlabAdapter)
DA:15,6
DA:16,3
DA:17,3
LF:21
LH:15
BRF:0
BRH:0
FNF:7
FNH:5
end_of_record
SF:C:\Users\spect.DESKTOP-AHD10MO\Desktop\CS 4790 Net Web\repo\assignment-05-Spectrar\BlabberApp\BlabberApp.Services\BlabServiceFactory.cs
FN:6,BlabberApp.DataStore.Adapters.BlabAdapter BlabberApp.Services.BlabServiceFactory::CreateBlabAdapter(BlabberApp.DataStore.Interfaces.IBlabPlugin)
FNDA:4,BlabberApp.DataStore.Adapters.BlabAdapter BlabberApp.Services.BlabServiceFactory::CreateBlabAdapter(BlabberApp.DataStore.Interfaces.IBlabPlugin)
DA:7,4
DA:8,8
DA:9,4
DA:10,4
DA:12,4
DA:13,4
BRDA:8,7,0,4
BRDA:8,7,1,4
FN:13,BlabberApp.DataStore.Interfaces.IBlabPlugin BlabberApp.Services.BlabServiceFactory::CreateBlabPlugin(System.String)
FNDA:4,BlabberApp.DataStore.Interfaces.IBlabPlugin BlabberApp.Services.BlabServiceFactory::CreateBlabPlugin(System.String)
DA:14,4
DA:15,0
DA:16,0
DA:19,4
DA:20,4
BRDA:15,19,0,0
BRDA:15,19,1,4
FN:21,BlabberApp.Services.BlabService BlabberApp.Services.BlabServiceFactory::CreateBlabService(BlabberApp.DataStore.Adapters.BlabAdapter)
FNDA:3,BlabberApp.Services.BlabService BlabberApp.Services.BlabServiceFactory::CreateBlabService(BlabberApp.DataStore.Adapters.BlabAdapter)
DA:22,3
DA:23,6
DA:24,3
DA:25,3
DA:27,3
DA:28,3
BRDA:23,7,0,3
BRDA:23,7,1,3
LF:17
LH:15
BRF:6
BRH:5
FNF:3
FNH:3
end_of_record
SF:C:\Users\spect.DESKTOP-AHD10MO\Desktop\CS 4790 Net Web\repo\assignment-05-Spectrar\BlabberApp\BlabberApp.Services\UserService.cs
FN:12,System.Collections.IEnumerable BlabberApp.Services.UserService::GetAll()
FNDA:1,System.Collections.IEnumerable BlabberApp.Services.UserService::GetAll()
DA:13,1
DA:14,1
DA:15,1
FN:16,System.Void BlabberApp.Services.UserService::AddNewUser(System.String)
FNDA:1,System.Void BlabberApp.Services.UserService::AddNewUser(System.String)
DA:17,1
DA:18,1
DA:19,1
DA:20,0
DA:21,0
DA:23,1
FN:24,BlabberApp.Domain.Entities.User BlabberApp.Services.UserService::CreateUser(System.String)
FNDA:2,BlabberApp.Domain.Entities.User BlabberApp.Services.UserService::CreateUser(System.String)
DA:25,2
DA:26,2
DA:27,2
FN:28,BlabberApp.Domain.Entities.User BlabberApp.Services.UserService::FindUser(System.String)
FNDA:1,BlabberApp.Domain.Entities.User BlabberApp.Services.UserService::FindUser(System.String)
DA:29,1
DA:30,1
DA:31,1
FN:8,System.Void BlabberApp.Services.UserService::.ctor(BlabberApp.DataStore.Adapters.UserAdapter)
FNDA:6,System.Void BlabberApp.Services.UserService::.ctor(BlabberApp.DataStore.Adapters.UserAdapter)
DA:9,6
DA:10,3
DA:11,3
LF:18
LH:16
BRF:0
BRH:0
FNF:5
FNH:5
end_of_record
SF:C:\Users\spect.DESKTOP-AHD10MO\Desktop\CS 4790 Net Web\repo\assignment-05-Spectrar\BlabberApp\BlabberApp.Services\UserServiceFactory.cs
FN:6,BlabberApp.DataStore.Adapters.UserAdapter BlabberApp.Services.UserServiceFactory::CreateUserAdapter(BlabberApp.DataStore.Interfaces.IUserPlugin)
FNDA:4,BlabberApp.DataStore.Adapters.UserAdapter BlabberApp.Services.UserServiceFactory::CreateUserAdapter(BlabberApp.DataStore.Interfaces.IUserPlugin)
DA:7,4
DA:8,8
DA:9,4
DA:10,4
DA:12,4
DA:13,4
BRDA:8,7,0,4
BRDA:8,7,1,4
FN:13,BlabberApp.DataStore.Interfaces.IUserPlugin BlabberApp.Services.UserServiceFactory::CreateUserPlugin(System.String)
FNDA:4,BlabberApp.DataStore.Interfaces.IUserPlugin BlabberApp.Services.UserServiceFactory::CreateUserPlugin(System.String)
DA:14,4
DA:15,0
DA:16,0
DA:19,4
DA:20,4
BRDA:15,19,0,0
BRDA:15,19,1,4
FN:21,BlabberApp.Services.UserService BlabberApp.Services.UserServiceFactory::CreateUserService(BlabberApp.DataStore.Adapters.UserAdapter)
FNDA:3,BlabberApp.Services.UserService BlabberApp.Services.UserServiceFactory::CreateUserService(BlabberApp.DataStore.Adapters.UserAdapter)
DA:22,3
DA:23,6
DA:24,3
DA:25,3
DA:27,3
DA:28,3
BRDA:23,7,0,3
BRDA:23,7,1,3
LF:17
LH:15
BRF:6
BRH:5
FNF:3
FNH:3
end_of_record